\BOOKMARK [0][-]{chapter.1}{Introduction \046 Theoretical Overview}{}% 1
\BOOKMARK [1][-]{section.1.1}{The Standard Model of Particle Physics}{chapter.1}% 2
\BOOKMARK [2][-]{subsection.1.1.1}{Fundamental Particles}{section.1.1}% 3
\BOOKMARK [2][-]{subsection.1.1.2}{Forces of interactions}{section.1.1}% 4
\BOOKMARK [2][-]{subsection.1.1.3}{Electroweak Unification and Higgs Mechanism}{section.1.1}% 5
\BOOKMARK [1][-]{section.1.2}{Beyond the Standard Model}{chapter.1}% 6
\BOOKMARK [2][-]{subsection.1.2.1}{The Excited Quark Model}{section.1.2}% 7
\BOOKMARK [0][-]{chapter.2}{The Experimental Apparatus}{}% 8
\BOOKMARK [1][-]{section.2.1}{The Large Hadron Collider}{chapter.2}% 9
\BOOKMARK [1][-]{section.2.2}{The Compact Muon Solenoid}{chapter.2}% 10
\BOOKMARK [2][-]{subsection.2.2.1}{Coordinate System}{section.2.2}% 11
\BOOKMARK [2][-]{subsection.2.2.2}{Magnet}{section.2.2}% 12
\BOOKMARK [2][-]{subsection.2.2.3}{Tracking System}{section.2.2}% 13
\BOOKMARK [2][-]{subsection.2.2.4}{Calorimeter System}{section.2.2}% 14
\BOOKMARK [2][-]{subsection.2.2.5}{Muon System}{section.2.2}% 15
\BOOKMARK [1][-]{section.2.3}{Trigger and Data Acquisition Systems}{chapter.2}% 16
\BOOKMARK [2][-]{subsection.2.3.1}{Level-1 Trigger}{section.2.3}% 17
\BOOKMARK [2][-]{subsection.2.3.2}{High Level Trigger}{section.2.3}% 18
\BOOKMARK [2][-]{subsection.2.3.3}{DAQ}{section.2.3}% 19
\BOOKMARK [1][-]{section.2.4}{Software and Computing}{chapter.2}% 20
\BOOKMARK [0][-]{chapter.3}{Event Simulation and Data Samples}{}% 21
\BOOKMARK [1][-]{section.3.1}{Event Generation}{chapter.3}% 22
\BOOKMARK [2][-]{subsection.3.1.1}{Hard Scattering and QCD Radiation}{section.3.1}% 23
\BOOKMARK [2][-]{subsection.3.1.2}{Parton Shower, Underlying Event and Hadronization}{section.3.1}% 24
\BOOKMARK [2][-]{subsection.3.1.3}{Monte Carlo Event Generators}{section.3.1}% 25
\BOOKMARK [1][-]{section.3.2}{Detector Simulation}{chapter.3}% 26
\BOOKMARK [1][-]{section.3.3}{Simulated Samples}{chapter.3}% 27
\BOOKMARK [1][-]{section.3.4}{Data Samples}{chapter.3}% 28
\BOOKMARK [0][-]{chapter.4}{Event Reconstruction and Object Identification}{}% 29
\BOOKMARK [1][-]{section.4.1}{Track Reconstruction}{chapter.4}% 30
\BOOKMARK [1][-]{section.4.2}{Reconstruction of Primary Vertices}{chapter.4}% 31
\BOOKMARK [1][-]{section.4.3}{Photons}{chapter.4}% 32
\BOOKMARK [2][-]{subsection.4.3.1}{Photon Reconstruction}{section.4.3}% 33
\BOOKMARK [2][-]{subsection.4.3.2}{Photon Identification}{section.4.3}% 34
\BOOKMARK [1][-]{section.4.4}{Jets}{chapter.4}% 35
\BOOKMARK [2][-]{subsection.4.4.1}{Particle Flow Reconstruction}{section.4.4}% 36
\BOOKMARK [2][-]{subsection.4.4.2}{Anti-kT Clustering Algorithm}{section.4.4}% 37
\BOOKMARK [2][-]{subsection.4.4.3}{Jet Energy Calibrations}{section.4.4}% 38
\BOOKMARK [2][-]{subsection.4.4.4}{Jet Identification}{section.4.4}% 39
\BOOKMARK [0][-]{chapter.5}{Search for excited quarks in +jet final state}{}% 40
\BOOKMARK [1][-]{section.5.1}{Signal : Excited quarks}{chapter.5}% 41
\BOOKMARK [1][-]{section.5.2}{Sources of background}{chapter.5}% 42
\BOOKMARK [1][-]{section.5.3}{Data Samples and Triggers}{chapter.5}% 43
\BOOKMARK [2][-]{subsection.5.3.1}{Data}{section.5.3}% 44
\BOOKMARK [2][-]{subsection.5.3.2}{Trigger}{section.5.3}% 45
\BOOKMARK [1][-]{section.5.4}{Reweighting of MC samples for pile-up}{chapter.5}% 46
\BOOKMARK [1][-]{section.5.5}{Event Selection }{chapter.5}% 47
\BOOKMARK [1][-]{section.5.6}{Photon + Jet Spectrum}{chapter.5}% 48
\BOOKMARK [2][-]{subsection.5.6.1}{Choice of Fit function}{section.5.6}% 49
\BOOKMARK [1][-]{section.5.7}{Interpolation technique}{chapter.5}% 50
\BOOKMARK [1][-]{section.5.8}{Systematic Uncertainties}{chapter.5}% 51
\BOOKMARK [2][-]{subsection.5.8.1}{Photon and Jet Energy Calibration Scale}{section.5.8}% 52
\BOOKMARK [2][-]{subsection.5.8.2}{Photon and Jet Energy Resolution}{section.5.8}% 53
\BOOKMARK [2][-]{subsection.5.8.3}{Final State Radiations}{section.5.8}% 54
\BOOKMARK [2][-]{subsection.5.8.4}{Background Shape Uncertainty}{section.5.8}% 55
\BOOKMARK [2][-]{subsection.5.8.5}{Theoretical Uncertainty}{section.5.8}% 56
\BOOKMARK [2][-]{subsection.5.8.6}{Pileup Uncertainty }{section.5.8}% 57
\BOOKMARK [2][-]{subsection.5.8.7}{Luminosity}{section.5.8}% 58
\BOOKMARK [1][-]{section.5.9}{ Limit setting procedure }{chapter.5}% 59
\BOOKMARK [2][-]{subsection.5.9.1}{Optimization}{section.5.9}% 60
\BOOKMARK [0][-]{chapter.6}{Results and Summary}{}% 61
\BOOKMARK [1][-]{section.6.1}{Results}{chapter.6}% 62
\BOOKMARK [1][-]{section.6.2}{Summary}{chapter.6}% 63
